[16 December 2024 at 1:38 am] [info] instantiating backup controller 64d85aa37ce7a4d497bbbf27cba3833b
[16 December 2024 at 1:38 am] [debug] setting controller status to 100
[16 December 2024 at 1:38 am] [debug] loading controller plan
[16 December 2024 at 1:38 am] [debug] setting controller status to 300
[16 December 2024 at 1:38 am] [debug] applying plan defaults
[16 December 2024 at 1:38 am] [debug] setting controller status to 400
[16 December 2024 at 1:38 am] [debug] setting file inclusion to 
[16 December 2024 at 1:38 am] [info] checking plan security
[16 December 2024 at 1:38 am] [debug] setting controller status to 500
[16 December 2024 at 1:38 am] [info] checking plan security
[16 December 2024 at 1:38 am] [info] checking plan security
[16 December 2024 at 1:38 am] [info] checking plan security
[16 December 2024 at 1:38 am] [debug] saving controller to db
[16 December 2024 at 1:38 am] [debug] calculating controller checksum 9ce59cbbbb38b9e0b02c5c040234e825
[16 December 2024 at 1:39 am] [debug] loading controller from db
[16 December 2024 at 1:39 am] [info] checking plan security
[16 December 2024 at 1:39 am] [info] checking plan security
[16 December 2024 at 1:39 am] [info] checking plan security
[16 December 2024 at 1:39 am] [debug] saving controller to db
[16 December 2024 at 1:39 am] [debug] calculating controller checksum 9ce59cbbbb38b9e0b02c5c040234e825
[16 December 2024 at 1:39 am] [debug] loading controller from db
[16 December 2024 at 1:39 am] [info] checking plan security
[16 December 2024 at 1:39 am] [info] checking plan security
[16 December 2024 at 1:39 am] [info] checking plan security
[16 December 2024 at 1:39 am] [debug] saving controller to db
[16 December 2024 at 1:39 am] [debug] calculating controller checksum 9ce59cbbbb38b9e0b02c5c040234e825
[16 December 2024 at 1:39 am] [debug] loading controller from db
[16 December 2024 at 1:39 am] [info] checking plan security
[16 December 2024 at 1:39 am] [info] checking plan security
[16 December 2024 at 1:39 am] [debug] setting controller status to 700
[16 December 2024 at 1:39 am] [debug] saving controller to db
[16 December 2024 at 1:39 am] [debug] calculating controller checksum 74ff80ef6e61bea21657520a03fdffe8
[16 December 2024 at 1:39 am] [debug] loading controller from db
[16 December 2024 at 1:39 am] [debug] setting file inclusion to 1
[16 December 2024 at 1:39 am] [debug] setting controller status to 800
[16 December 2024 at 1:39 am] [debug] saving controller to db
[16 December 2024 at 1:39 am] [debug] calculating controller checksum a6cf35e77a006ad80adc2f47c85c83be
[16 December 2024 at 1:39 am] [debug] loading controller from db
[16 December 2024 at 1:40 am] [debug] setting controller status to 1000
[16 December 2024 at 1:40 am] [debug] saving controller to db
